[0102/114747:ERROR:gpu_info_collector_win.cc(103)] Can't retrieve a valid WinSAT assessment.
[0102/114747:ERROR:proxy_service_factory.cc(105)] Cannot use V8 Proxy resolver in single process mode.
[0102/114748:ERROR:command_buffer_proxy_impl.cc(156)] Failed to initialize command buffer service.
[0102/114748:ERROR:webgraphicscontext3d_command_buffer_impl.cc(394)] CommandBufferProxy::Initialize failed.
[0102/114748:ERROR:webgraphicscontext3d_command_buffer_impl.cc(413)] Failed to initialize command buffer.
[0102/114748:ERROR:command_buffer_proxy_impl.cc(156)] Failed to initialize command buffer service.
[0102/114748:ERROR:webgraphicscontext3d_command_buffer_impl.cc(394)] CommandBufferProxy::Initialize failed.
[0102/114748:ERROR:webgraphicscontext3d_command_buffer_impl.cc(413)] Failed to initialize command buffer.
[0102/114748:ERROR:command_buffer_proxy_impl.cc(156)] Failed to initialize command buffer service.
[0102/114748:ERROR:webgraphicscontext3d_command_buffer_impl.cc(394)] CommandBufferProxy::Initialize failed.
[0102/114748:ERROR:webgraphicscontext3d_command_buffer_impl.cc(413)] Failed to initialize command buffer.
[0102/114748:ERROR:command_buffer_proxy_impl.cc(156)] Failed to initialize command buffer service.
[0102/114748:ERROR:webgraphicscontext3d_command_buffer_impl.cc(394)] CommandBufferProxy::Initialize failed.
[0102/114748:ERROR:webgraphicscontext3d_command_buffer_impl.cc(413)] Failed to initialize command buffer.
[0102/114748:ERROR:command_buffer_proxy_impl.cc(156)] Failed to initialize command buffer service.
[0102/114748:ERROR:webgraphicscontext3d_command_buffer_impl.cc(394)] CommandBufferProxy::Initialize failed.
[0102/114748:ERROR:webgraphicscontext3d_command_buffer_impl.cc(413)] Failed to initialize command buffer.
[0102/114748:ERROR:command_buffer_proxy_impl.cc(156)] Failed to initialize command buffer service.
[0102/114748:ERROR:webgraphicscontext3d_command_buffer_impl.cc(394)] CommandBufferProxy::Initialize failed.
[0102/114748:ERROR:webgraphicscontext3d_command_buffer_impl.cc(413)] Failed to initialize command buffer.
[0102/114748:ERROR:command_buffer_proxy_impl.cc(156)] Failed to initialize command buffer service.
[0102/114748:ERROR:webgraphicscontext3d_command_buffer_impl.cc(394)] CommandBufferProxy::Initialize failed.
[0102/114748:ERROR:webgraphicscontext3d_command_buffer_impl.cc(413)] Failed to initialize command buffer.
[0102/114748:ERROR:command_buffer_proxy_impl.cc(156)] Failed to initialize command buffer service.
[0102/114748:ERROR:webgraphicscontext3d_command_buffer_impl.cc(394)] CommandBufferProxy::Initialize failed.
[0102/114748:ERROR:webgraphicscontext3d_command_buffer_impl.cc(413)] Failed to initialize command buffer.
[0107/185527:ERROR:gpu_info_collector_win.cc(103)] Can't retrieve a valid WinSAT assessment.
[0107/185527:ERROR:proxy_service_factory.cc(105)] Cannot use V8 Proxy resolver in single process mode.
[0107/185527:ERROR:command_buffer_proxy_impl.cc(156)] Failed to initialize command buffer service.
[0107/185527:ERROR:webgraphicscontext3d_command_buffer_impl.cc(394)] CommandBufferProxy::Initialize failed.
[0107/185527:ERROR:webgraphicscontext3d_command_buffer_impl.cc(413)] Failed to initialize command buffer.
[0107/185527:ERROR:command_buffer_proxy_impl.cc(156)] Failed to initialize command buffer service.
[0107/185527:ERROR:webgraphicscontext3d_command_buffer_impl.cc(394)] CommandBufferProxy::Initialize failed.
[0107/185527:ERROR:webgraphicscontext3d_command_buffer_impl.cc(413)] Failed to initialize command buffer.
[0107/185527:ERROR:command_buffer_proxy_impl.cc(156)] Failed to initialize command buffer service.
[0107/185527:ERROR:webgraphicscontext3d_command_buffer_impl.cc(394)] CommandBufferProxy::Initialize failed.
[0107/185527:ERROR:webgraphicscontext3d_command_buffer_impl.cc(413)] Failed to initialize command buffer.
[0107/185527:ERROR:command_buffer_proxy_impl.cc(156)] Failed to initialize command buffer service.
[0107/185527:ERROR:webgraphicscontext3d_command_buffer_impl.cc(394)] CommandBufferProxy::Initialize failed.
[0107/185527:ERROR:webgraphicscontext3d_command_buffer_impl.cc(413)] Failed to initialize command buffer.
[0107/185527:ERROR:command_buffer_proxy_impl.cc(156)] Failed to initialize command buffer service.
[0107/185527:ERROR:webgraphicscontext3d_command_buffer_impl.cc(394)] CommandBufferProxy::Initialize failed.
[0107/185527:ERROR:webgraphicscontext3d_command_buffer_impl.cc(413)] Failed to initialize command buffer.
[0107/185527:ERROR:command_buffer_proxy_impl.cc(156)] Failed to initialize command buffer service.
[0107/185527:ERROR:webgraphicscontext3d_command_buffer_impl.cc(394)] CommandBufferProxy::Initialize failed.
[0107/185527:ERROR:webgraphicscontext3d_command_buffer_impl.cc(413)] Failed to initialize command buffer.
[0107/185527:ERROR:command_buffer_proxy_impl.cc(156)] Failed to initialize command buffer service.
[0107/185527:ERROR:webgraphicscontext3d_command_buffer_impl.cc(394)] CommandBufferProxy::Initialize failed.
[0107/185527:ERROR:webgraphicscontext3d_command_buffer_impl.cc(413)] Failed to initialize command buffer.
[0107/185527:ERROR:command_buffer_proxy_impl.cc(156)] Failed to initialize command buffer service.
[0107/185527:ERROR:webgraphicscontext3d_command_buffer_impl.cc(394)] CommandBufferProxy::Initialize failed.
[0107/185527:ERROR:webgraphicscontext3d_command_buffer_impl.cc(413)] Failed to initialize command buffer.
